<?xml version="1.0" encoding="UTF-8"?>
<!-- Generated by org.testng.reporters.JUnitXMLReporter -->
<testsuite hostname="jiangzaohongdeMacBook-Pro.local" ignored="0" name="Surefire test" tests="4" failures="1" timestamp="03 三月 2020 08:36:26 GMT" time="0.267" errors="0">
  <testcase name="testGenerateEmail" time="0.082" classname="com.testcase.HelloKittyTest"/>
  <testcase name="testGenerateEmail" time="0.005" classname="com.testcase.HelloKittyTest"/>
  <testcase name="testGenerateEmail" time="0.002" classname="com.testcase.HelloKittyTest"/>
  <testcase name="testGenerateEmailException" time="0.0" classname="com.testcase.HelloKittyTest">
    <failure type="org.testng.TestNGException" message="
Cannot inject @Test annotated Method [testGenerateEmailException] with [class java.lang.String, class java.lang.String].
For more information on native dependency injection please refer to http://testng.org/doc/documentation-main.html#native-dependency-injection">
      <![CDATA[org.testng.TestNGException: 
Cannot inject @Test annotated Method [testGenerateEmailException] with [class java.lang.String, class java.lang.String].
For more information on native dependency injection please refer to http://testng.org/doc/documentation-main.html#native-dependency-injection
... Removed 28 stack frames]]>
    </failure>
  </testcase> <!-- testGenerateEmailException -->
</testsuite> <!-- Surefire test -->
