<?xml version="1.0" encoding="UTF-8"?>
<testng-results skipped="0" failed="1" ignored="0" total="4" passed="3">
  <reporter-output>
  </reporter-output>
  <suite name="Surefire suite" duration-ms="267" started-at="2020-03-03T08:36:26Z" finished-at="2020-03-03T08:36:26Z">
    <groups>
    </groups>
    <test name="Surefire test" duration-ms="267" started-at="2020-03-03T08:36:26Z" finished-at="2020-03-03T08:36:26Z">
      <class name="com.testcase.HelloKittyTest">
        <test-method status="PASS" signature="beforeClass()[pri:0, instance:com.testcase.HelloKittyTest@1c80e49b]" name="beforeClass" is-config="true" duration-ms="19" started-at="2020-03-03T08:36:26Z" finished-at="2020-03-03T08:36:26Z">
          <reporter-output>
          </reporter-output>
        </test-method> <!-- beforeClass -->
        <test-method status="PASS" signature="testGenerateEmail(java.lang.String, java.lang.String)[pri:0, instance:com.testcase.HelloKittyTest@1c80e49b]" name="testGenerateEmail" duration-ms="82" started-at="2020-03-03T08:36:26Z" description="邮箱生成的正向测试用例" data-provider="emaildemo" finished-at="2020-03-03T08:36:26Z">
          <params>
            <param index="0">
              <value>
                <![CDATA[fan]]>
              </value>
            </param>
            <param index="1">
              <value>
                <![CDATA[fan@testfan.com]]>
              </value>
            </param>
          </params>
          <reporter-output>
          </reporter-output>
        </test-method> <!-- testGenerateEmail -->
        <test-method status="PASS" signature="testGenerateEmail(java.lang.String, java.lang.String)[pri:0, instance:com.testcase.HelloKittyTest@1c80e49b]" name="testGenerateEmail" duration-ms="5" started-at="2020-03-03T08:36:26Z" description="邮箱生成的正向测试用例" data-provider="emaildemo" finished-at="2020-03-03T08:36:26Z">
          <params>
            <param index="0">
              <value>
                <![CDATA[qq]]>
              </value>
            </param>
            <param index="1">
              <value>
                <![CDATA[qq@testfan.com]]>
              </value>
            </param>
          </params>
          <reporter-output>
          </reporter-output>
        </test-method> <!-- testGenerateEmail -->
        <test-method status="PASS" signature="testGenerateEmail(java.lang.String, java.lang.String)[pri:0, instance:com.testcase.HelloKittyTest@1c80e49b]" name="testGenerateEmail" duration-ms="2" started-at="2020-03-03T08:36:26Z" description="邮箱生成的正向测试用例" data-provider="emaildemo" finished-at="2020-03-03T08:36:26Z">
          <params>
            <param index="0">
              <value>
                <![CDATA[jzh]]>
              </value>
            </param>
            <param index="1">
              <value>
                <![CDATA[jzh@testfan.com]]>
              </value>
            </param>
          </params>
          <reporter-output>
          </reporter-output>
        </test-method> <!-- testGenerateEmail -->
        <test-method status="FAIL" signature="testGenerateEmailException(java.lang.String, java.lang.String)[pri:0, instance:com.testcase.HelloKittyTest@1c80e49b]" name="testGenerateEmailException" duration-ms="0" started-at="2020-03-03T08:36:26Z" description="邮箱生成的反向测试用例" finished-at="2020-03-03T08:36:26Z">
          <exception class="org.testng.TestNGException">
            <message>
              <![CDATA[
Cannot inject @Test annotated Method [testGenerateEmailException] with [class java.lang.String, class java.lang.String].
For more information on native dependency injection please refer to http://testng.org/doc/documentation-main.html#native-dependency-injection]]>
            </message>
            <full-stacktrace>
              <![CDATA[org.testng.TestNGException: 
Cannot inject @Test annotated Method [testGenerateEmailException] with [class java.lang.String, class java.lang.String].
For more information on native dependency injection please refer to http://testng.org/doc/documentation-main.html#native-dependency-injection
at org.testng.internal.Parameters.checkParameterTypes(Parameters.java:407)
at org.testng.internal.Parameters.createParametersForMethod(Parameters.java:356)
at org.testng.internal.Parameters.createParameters(Parameters.java:635)
at org.testng.internal.Parameters.handleParameters(Parameters.java:769)
at org.testng.internal.ParameterHandler.handleParameters(ParameterHandler.java:49)
at org.testng.internal.ParameterHandler.createParameters(ParameterHandler.java:37)
at org.testng.internal.Invoker.invokeTestMethods(Invoker.java:924)
at org.testng.internal.TestMethodWorker.invokeTestMethods(TestMethodWorker.java:125)
at org.testng.internal.TestMethodWorker.run(TestMethodWorker.java:109)
at org.testng.TestRunner.privateRun(TestRunner.java:648)
at org.testng.TestRunner.run(TestRunner.java:505)
at org.testng.SuiteRunner.runTest(SuiteRunner.java:455)
at org.testng.SuiteRunner.runSequentially(SuiteRunner.java:450)
at org.testng.SuiteRunner.privateRun(SuiteRunner.java:415)
at org.testng.SuiteRunner.run(SuiteRunner.java:364)
at org.testng.SuiteRunnerWorker.runSuite(SuiteRunnerWorker.java:52)
at org.testng.SuiteRunnerWorker.run(SuiteRunnerWorker.java:84)
at org.testng.TestNG.runSuitesSequentially(TestNG.java:1208)
at org.testng.TestNG.runSuitesLocally(TestNG.java:1137)
at org.testng.TestNG.runSuites(TestNG.java:1049)
at org.testng.TestNG.run(TestNG.java:1017)
at org.apache.maven.surefire.testng.TestNGExecutor.run(TestNGExecutor.java:135)
at org.apache.maven.surefire.testng.TestNGDirectoryTestSuite.executeSingleClass(TestNGDirectoryTestSuite.java:112)
at org.apache.maven.surefire.testng.TestNGDirectoryTestSuite.execute(TestNGDirectoryTestSuite.java:99)
at org.apache.maven.surefire.testng.TestNGProvider.invoke(TestNGProvider.java:146)
at org.apache.maven.surefire.booter.ForkedBooter.invokeProviderInSameClassLoader(ForkedBooter.java:386)
at org.apache.maven.surefire.booter.ForkedBooter.runSuitesInProcess(ForkedBooter.java:323)
at org.apache.maven.surefire.booter.ForkedBooter.main(ForkedBooter.java:143)
]]>
            </full-stacktrace>
          </exception> <!-- org.testng.TestNGException -->
          <reporter-output>
          </reporter-output>
        </test-method> <!-- testGenerateEmailException -->
      </class> <!-- com.testcase.HelloKittyTest -->
    </test> <!-- Surefire test -->
  </suite> <!-- Surefire suite -->
</testng-results>
